[HOOK] installing at 2026-03-02T06:00:30.085Z
[HOOK] tls.connect + net.createConnection patched
[TLS] api.bambulab.com:443
[SEND api.bambulab.com:443] len=897 hex=504f5354 | POST /v1/iot-service/api/user/project HTTP/1.1.
host: api.bambulab.com.
connection: keep-alive.
accept: application/json, text/plain, */*.
authorization: Bearer <TOKEN>
[SEND api.bambulab.com:443] len=118 hex=3132332c | 123,34,110,97,109,101,34,58,34,112,108,97,116,101,95,115,108,105,99,101,100,46,103,99,111,100,101,46,51,109,102,34,125
[RECV api.bambulab.com:443] len=1001 hex=48545450 | HTTP/1.1 200 OK.
Date: Mon, 02 Mar 2026 06:09:16 GMT.
Content-Type: application/json; charset=utf-8.
Transfer-Encoding: chunked.
Connection: keep-alive.
Content-Encoding: br.
b3: 8c202defd0f5f5d056a4c
[RECV api.bambulab.com:443] len=398 hex=3138370d | 187.
!ïŋ―	. ïŋ―rïŋ―ïŋ―vïŋ―ïŋ―.ïŋ―_U~ïŋ―..6mïŋ―ïŋ―.i}ïŋ―.ïŋ―ïŋ―.ïŋ―.;.$ïŋ―
$ïŋ―".(ïŋ―ïŋ―ïŋ―D"n.[ïŋ―1.ïŋ―vïŋ―4.ïŋ―~aïŋ―a..ïŋ―ïŋ―ïŋ―.#.ïŋ―ïŋ―!4ïŋ―q>'ïŋ―!ïŋ― 4ïŋ―0ïŋ―ïŋ―..(Jïŋ―ïŋ―\d%.Xxïŋ―sïŋ―.7WN.ïŋ―ïŋ―F[cïŋ―.ïŋ―@L&ïŋ―..ïŋ―;ïŋ―>ïŋ―=..Kïŋ―@h`ïŋ―ïŋ―ïŋ―mïŋ―ïŋ―..{ïŋ―ïŋ―!Ó.E{ïŋ―pïŋ―ïŋ―ïŋ―ïŋ―. ïŋ―
ïŋ―aïŋ―ïŋ―ïŋ―ïŋ―)ïŋ―
*4.jEfïŋ―ïŋ―.Y.ïŋ―qp~ïŋ―!ïŋ―ïŋ―ïŋ―cïŋ―.
[RECV api.bambulab.com:443] len=5 hex=300d0a0d | 0.
.

[TLS] s3.us-west-2.amazonaws.com:443
[SEND s3.us-west-2.amazonaws.com:443] len=672 hex=50555420 | PUT /or-cloud-upload-prod/users/<USER_ID>/models/USd26711a3caa5fe/profiles/640233889/20260302140916.33.3mf?AWSAccessKeyId=<AWS_KEY>&Expires=1772518156&Signature=<SIGNATURE>
[SEND s3.us-west-2.amazonaws.com:443] len=49763 hex=38302c37 | 80,75,3,4,20,0,8,8,8,0,198,173,97,92,0,0,0,0,0,0,0,0,0,0,0,0,19,0,0,0,91,67,111,110,116,101,110,116,95,84,121,112,101,115,93,46,120,109,108,133,209,219,106,196,32,16,6,224,251,60,133,120,91,162,105,23
[RECV s3.us-west-2.amazonaws.com:443] len=526 hex=48545450 | HTTP/1.1 200 OK.
x-amz-id-2: yg+mztGKnQ8zzab8xZTlHceUb0aVpltGgOxfvG3Bs5TuCyqr0snd2uAn33+q2px0+KBLzdRnwhk=.
x-amz-request-id: SXDMD5EQQ3TSQPWA.
Date: Mon, 02 Mar 2026 06:09:18 GMT.
x-amz-version-id: O3
[SEND api.bambulab.com:443] len=902 hex=50555420 | PUT /v1/iot-service/api/user/notification HTTP/1.1.
host: api.bambulab.com.
connection: keep-alive.
accept: application/json, text/plain, */*.
authorization: Bearer <TOKEN>
[SEND api.bambulab.com:443] len=495 hex=3132332c | 123,34,97,99,116,105,111,110,34,58,34,117,112,108,111,97,100,34,44,34,117,112,108,111,97,100,34,58,123,34,116,105,99,107,101,116,34,58,34,117,112,108,111,97,100,101,114,95,49,57,51,57,52,49,53,50,55,5
[RECV api.bambulab.com:443] len=1017 hex=48545450 | HTTP/1.1 200 OK.
Date: Mon, 02 Mar 2026 06:09:17 GMT.
Content-Type: application/json; charset=utf-8.
Content-Length: 46.
Connection: keep-alive.
CF-RAY: 9d5e3b52a801d08f-CDG.
b3: bf1146ed31a5b32fff35c
[SEND api.bambulab.com:443] len=935 hex=47455420 | GET /v1/iot-service/api/user/notification?action=upload&ticket=uploader_<USER_ID>_USd26711a3caa5fe_640233889_20260302140916.33 HTTP/1.1.
host: api.bambulab.com.
connection: keep-alive.
accept: applic
[RECV api.bambulab.com:443] len=1017 hex=48545450 | HTTP/1.1 200 OK.
Date: Mon, 02 Mar 2026 06:09:17 GMT.
Content-Type: application/json; charset=utf-8.
Content-Length: 46.
Connection: keep-alive.
CF-RAY: 9d5e3b53ca11d08f-CDG.
b3: 3e4891b5860a79b8ed0f3
[SEND api.bambulab.com:443] len=935 hex=47455420 | GET /v1/iot-service/api/user/notification?action=upload&ticket=uploader_<USER_ID>_USd26711a3caa5fe_640233889_20260302140916.33 HTTP/1.1.
host: api.bambulab.com.
connection: keep-alive.
accept: applic
[RECV api.bambulab.com:443] len=1017 hex=48545450 | HTTP/1.1 200 OK.
Date: Mon, 02 Mar 2026 06:09:18 GMT.
Content-Type: application/json; charset=utf-8.
Content-Length: 46.
Connection: keep-alive.
CF-RAY: 9d5e3b5b4fc0d08f-CDG.
b3: 58bb1c075818dbd6b42fd
[SEND api.bambulab.com:443] len=883 hex=47455420 | GET /v1/iot-service/api/user/upload?models=USd26711a3caa5fe_640233889_1.3mf HTTP/1.1.
host: api.bambulab.com.
connection: keep-alive.
accept: application/json, text/plain, */*.
authorization: Bearer A
[RECV api.bambulab.com:443] len=1290 hex=48545450 | HTTP/1.1 200 OK.
Date: Mon, 02 Mar 2026 06:09:18 GMT.
Content-Type: application/json; charset=utf-8.
Transfer-Encoding: chunked.
Connection: keep-alive.
Content-Encoding: br.
b3: 8de235191f0282dc28efb
[RECV api.bambulab.com:443] len=5 hex=300d0a0d | 0.
.

[SEND s3.us-west-2.amazonaws.com:443] len=670 hex=50555420 | PUT /or-cloud-upload-prod/users/<USER_ID>/models/20260302140918.892/USd26711a3caa5fe_640233889_1.3mf?AWSAccessKeyId=<AWS_KEY>&Expires=1772518158&Signature=<SIGNATURE>
[SEND s3.us-west-2.amazonaws.com:443] len=11631188 hex=38302c37 | 80,75,3,4,20,0,0,0,8,0,85,107,88,92,2,0,199,209,221,0,0,0,176,1,0,0,19,0,0,0,91,67,111,110,116,101,110,116,95,84,121,112,101,115,93,46,120,109,108,133,145,75,106,195,48,16,134,247,57,133,208,182,216,1
[RECV s3.us-west-2.amazonaws.com:443] len=526 hex=48545450 | HTTP/1.1 200 OK.
x-amz-id-2: Ffahu/lvYDSibWuUumRx2ryj+gOCxK2atZoF1y32gQOzEEfsySFauBvtVsSA9/qDaw7EawOdv2Y=.
x-amz-request-id: DDVP99KXF7ECX3B1.
Date: Mon, 02 Mar 2026 06:09:21 GMT.
x-amz-version-id: jU
[SEND api.bambulab.com:443] len=909 hex=50415443 | PATCH /v1/iot-service/api/user/project/670415047 HTTP/1.1.
host: api.bambulab.com.
connection: keep-alive.
accept: application/json, text/plain, */*.
authorization: Bearer <TOKEN>
[SEND api.bambulab.com:443] len=1226 hex=3132332c | 123,34,112,114,111,102,105,108,101,95,105,100,34,58,34,54,52,48,50,51,51,56,56,57,34,44,34,112,114,111,102,105,108,101,95,112,114,105,110,116,95,51,109,102,34,58,91,123,34,99,111,109,109,101,110,116,1
[RECV api.bambulab.com:443] len=1017 hex=48545450 | HTTP/1.1 200 OK.
Date: Mon, 02 Mar 2026 06:09:20 GMT.
Content-Type: application/json; charset=utf-8.
Content-Length: 46.
Connection: keep-alive.
CF-RAY: 9d5e3b680f88d08f-CDG.
b3: b47a19989cf933f7c25f9
[SEND api.bambulab.com:443] len=1385 hex=504f5354 | POST /v1/user-service/my/task HTTP/1.1.
host: api.bambulab.com.
connection: keep-alive.
accept: application/json, text/plain, */*.
authorization: Bearer <TOKEN>
[SEND api.bambulab.com:443] len=4094 hex=3132332c | 123,34,97,109,115,68,101,116,97,105,108,77,97,112,112,105,110,103,34,58,91,123,34,97,109,115,34,58,45,49,44,34,97,109,115,73,100,34,58,50,53,53,44,34,115,108,111,116,73,100,34,58,50,53,53,44,34,102,10
[RECV api.bambulab.com:443] len=973 hex=48545450 | HTTP/1.1 200 OK.
Date: Mon, 02 Mar 2026 06:09:21 GMT.
Content-Type: application/json; charset=utf-8.
Content-Length: 16.
Connection: keep-alive.
CF-RAY: 9d5e3b699a2bd08f-CDG.
b3: a75ffe7243a9bba7b610f
[TLS] or-cloud-model-prod.s3.dualstack.us-west-2.amazonaws.com:443
[SEND api.bambulab.com:443] len=851 hex=47455420 | GET /v1/iot-service/api/user/task/782347445 HTTP/1.1.
host: api.bambulab.com.
connection: keep-alive.
accept: application/json, text/plain, */*.
authorization: Bearer <TOKEN>
[RECV api.bambulab.com:443] len=1001 hex=48545450 | HTTP/1.1 200 OK.
Date: Mon, 02 Mar 2026 06:09:21 GMT.
Content-Type: application/json; charset=utf-8.
Transfer-Encoding: chunked.
Connection: keep-alive.
Content-Encoding: br.
b3: d33c2d3bb0ad75475bc2c
[RECV api.bambulab.com:443] len=1369 hex=3537640d | 57d.
.ïŋ―
.ïŋ―2gïŋ―ïŋ―^ïŋ―ïŋ―ïŋ―N.|ïŋ―.ïŋ―ËKïŋ―Zïŋ―vLeïŋ―Cïŋ―\ïŋ―ïŋ―3q2qïŋ―T.ïŋ―".ïŋ―bP@ïŋ―.ïŋ―Wïŋ―ïŋ―ïŋ―.	ïŋ― \m.ïŋ―ïŋ―3ïŋ―S.dkïŋ―.Lïŋ―pEpïŋ―ïŋ―!ïŋ―@.aïŋ―.nXïŋ―ïŋ―.ïŋ―ïŋ―qïŋ―?ïŋ―ïŋ―g.
8RA?Fïŋ―.ïŋ―ïŋ―ïŋ―ïŋ―Rïŋ―ïŋ―ïŋ―..ïŋ―T.*ïŋ―ïŋ―.ïŋ―ïŋ―Sïŋ―rïŋ―ïŋ―.ïŋ―ïŋ―RCïŋ―ïŋ―ïŋ―ïŋ―ïŋ―.ïŋ―ïŋ―C.ïŋ―ïŋ―..Lïŋ―/ïŋ―,]..7ïŋ―0Fïŋ―ïŋ―>as.
ïŋ―ïŋ―áī<ïŋ―q.ïŋ―ïŋ―Ú=ïŋ―ïŋ―1ïŋ―.ïŋ―=Lïŋ―ïŋ―ïŋ―Aïŋ―^ïŋ―
[RECV api.bambulab.com:443] len=43 hex=304e48a8 | 0NHïŋ―`ïŋ―ïŋ―ïŋ―ïŋ―$uïŋ―@.ïŋ―ïŋ―6ïŋ―ïŋ―E.Æ.BVïŋ―ïŋ―mSïŋ―r	5pYïŋ―.,g..

[RECV api.bambulab.com:443] len=6 hex=310d0a03 | 1.
..

[RECV api.bambulab.com:443] len=5 hex=300d0a0d | 0.
.

[SEND api.bambulab.com:443] len=846 hex=47455420 | GET /v1/user-service/my/task/782347445 HTTP/1.1.
host: api.bambulab.com.
connection: keep-alive.
accept: application/json, text/plain, */*.
authorization: Bearer <TOKEN>
[SEND or-cloud-model-prod.s3.dualstack.us-west-2.amazonaws.com:443] len=866 hex=47455420 | GET /private/US54e991885cd56c/640179181/3mf/Metadata/plate_1.png?X-Amz-Algorithm=AWS4-HMAC-SHA256&X-Amz-Credential=<AWS_KEY2>%2F20260302%2Fus-west-2%2Fs3%2Faws4_request&X-Amz-Date=20260302T0
[RECV api.bambulab.com:443] len=987 hex=48545450 | HTTP/1.1 200 OK.
Date: Mon, 02 Mar 2026 06:09:21 GMT.
Content-Type: application/json; charset=utf-8.
Transfer-Encoding: chunked.
Connection: keep-alive.
Content-Encoding: br.
b3: f9dad8e18fe28c35a16f8
[RECV api.bambulab.com:443] len=1143 hex=3437300d | 470.
....ïŋ―25}}3ïŋ―ïŋ―$ïŋ―ïŋ―*.ïŋ―ïŋ―ïŋ―ïŋ―4K`ïŋ―ïŋ―$8.äŪkïŋ―OG>ïŋ―ïŋ―ïŋ―ïŋ―-*,
.ïŋ―ïŋ―l.ïŋ―]Vqïŋ―<ïŋ―ïŋ―(ïŋ―ïŋ―ïŋ―f.ïŋ―-ïŋ―yïŋ―^.ïŋ―ïŋ―UUïŋ―.Cïŋ―`ïŋ―ïŋ―ïŋ―*ïŋ―;ïŋ―ïŋ―Mïŋ―$A`ïŋ―ïŋ―7C.	.ïŋ―ïŋ―mQïŋ―(%cïŋ―aïŋ―.ïŋ―Hïŋ―{ïŋ―Jïŋ―ïŋ―Iïŋ―.oïŋ―Zïŋ―ïŋ―ïŋ―9.ïŋ―6.:hïŋ―vïŋ―ïŋ―ïŋ―ïŋ―Tïŋ―!RÚcIïŋ―ïŋ―Sïŋ―.
to	.Üķïŋ―Ô°Ûu.ïŋ―rI.ïŋ―ïŋ―dïŋ―ïŋ―%mïŋ―ÜĶ.ïŋ―ïŋ―aïŋ―.{ïŋ―ïŋ―ïŋ―Tïŋ―Flqïŋ―Oeïŋ―
[RECV api.bambulab.com:443] len=6 hex=310d0a03 | 1.
..

[RECV api.bambulab.com:443] len=5 hex=300d0a0d | 0.
.

[TLS] or-cloud-model-prod.s3.dualstack.us-west-2.amazonaws.com:443
[RECV or-cloud-model-prod.s3.dualstack.us-west-2.amazonaws.com:443] len=298 hex=48545450 | HTTP/1.1 403 Forbidden.
x-amz-request-id: C2G01XS51SD3E4BF.
x-amz-id-2: 5gkiFjfYGXaiW/5C3YiCo9F8dwbVekWsK6H8rzZPILOSOpAORrJ3KqrhRBGJz8XqAlLWPJnaBuitdHWZ+6Bl0dy3mQVo0GKu1x4vM4eAMSk=.
Content-Type: appl
[RECV or-cloud-model-prod.s3.dualstack.us-west-2.amazonaws.com:443] len=412 hex=3139300d | 190.
<?xml version="1.0" encoding="UTF-8"?>
<Error><Code>AccessDenied</Code><Message>Request has expired</Message><X-Amz-Expires>1800</X-Amz-Expires><Expires>2026-03-02T05:18:49Z</Expires><ServerTime>
[SEND or-cloud-model-prod.s3.dualstack.us-west-2.amazonaws.com:443] len=866 hex=47455420 | GET /private/US54e991885cd56c/640179181/3mf/Metadata/plate_1.png?X-Amz-Algorithm=AWS4-HMAC-SHA256&X-Amz-Credential=<AWS_KEY2>%2F20260302%2Fus-west-2%2Fs3%2Faws4_request&X-Amz-Date=20260302T0
[RECV or-cloud-model-prod.s3.dualstack.us-west-2.amazonaws.com:443] len=632 hex=48545450 | HTTP/1.1 200 OK.
x-amz-id-2: Fxvp4FVE1jygXKfGQe6lYr8SQf6oeEySDF2Ojqxsrjw1ZO3QsyXPUilHFI0H6L70WOXimS7HeISTPhOYW8ZIpfCI8tOZiWrL.
x-amz-request-id: QJNS1DRZX1SJ0D4G.
Date: Mon, 02 Mar 2026 06:09:23 GMT.

[RECV or-cloud-model-prod.s3.dualstack.us-west-2.amazonaws.com:443] len=921 hex=89504e47 | ïŋ―PNG.
.
....IHDR.............ïŋ―.?1...`IDATxïŋ―ïŋ―ïŋ―Ajïŋ―@.ïŋ―ïŋ―\ïŋ―M.Qïŋ―ïŋ―	=ïŋ―ïŋ―-].Zïŋ―dïŋ―Nïŋ―ïŋ―ïŋ―-d.ïŋ―?L>ïŋ―ïŋ―tzïŋ―ïŋ―eïŋ―.0ïŋ―.H..i. M.ïŋ―	ïŋ―4.ïŋ―&.ïŋ―.@ïŋ―.H..i. M.ïŋ―	ïŋ―4.ïŋ―&.ïŋ―.@ïŋ―.H..i. M.ïŋ―	ïŋ―4.ïŋ―&.ïŋ―.@ïŋ―.H..i. M.ïŋ―	ïŋ―4.ïŋ―&.ïŋ―.@ïŋ―.H..i. M.ïŋ―	ïŋ―4.ïŋ―vW.ïŋ―ïŋ―.ïŋ―	ïŋ―
[SEND api.bambulab.com:443] len=851 hex=47455420 | GET /v1/iot-service/api/user/task/782421864 HTTP/1.1.
host: api.bambulab.com.
connection: keep-alive.
accept: application/json, text/plain, */*.
authorization: Bearer <TOKEN>
[RECV api.bambulab.com:443] len=1001 hex=48545450 | HTTP/1.1 200 OK.
Date: Mon, 02 Mar 2026 06:09:25 GMT.
Content-Type: application/json; charset=utf-8.
Transfer-Encoding: chunked.
Connection: keep-alive.
Content-Encoding: br.
b3: ff4e29c5265c69ebc6703
[RECV api.bambulab.com:443] len=1369 hex=3537350d | 575.
.ïŋ―
.ïŋ―,gïŋ―ïŋ―ïŋ―jïŋ―e'.|ïŋ―.ïŋ―ïŋ―ïŋ―*7$ïŋ―cïŋ―ïŋ―.ïŋ―rïŋ―ïŋ―ïŋ―ïŋ―ïŋ―ïŋ―%R-.ïŋ―.ïŋ―ĘA.ïŋ―C._ïŋ―ïŋ―KB?.W..ïŋ―.ïŋ―..ïŋ―ïŋ―ïŋ―..5\..,ïŋ―ïŋ―qYïŋ―.?ïŋ―.nXïŋ―ïŋ―ïŋ―8ïŋ―ïŋ―|.ïŋ―	ïŋ―8.pïŋ―ïŋ―~.ïŋ―kr.._?.ïŋ―4ïŋ―ïŋ―=ïŋ―L.*ïŋ―ïŋ―.ïŋ―ïŋ―Sïŋ―r.ïŋ―I	ïŋ―87ïŋ―B.Kïŋ―ïŋ―.ïŋ―ïŋ―B..ïŋ―..L.ïŋ―ïŋ―,]ïŋ―1l.~.qïŋ―ïŋ―ïŋ―ïŋ―m(.Vïŋ―ïŋ―.ïŋ―ïŋ―=ïŋ―ïŋ―^kwïŋ―ïŋ―ïŋ―ïŋ―ïŋ―{ïŋ―ïŋ―0ÍģO.
[RECV api.bambulab.com:443] len=35 hex=8c4205eb | ïŋ―B.ïŋ―.ïŋ―ïŋ―ïŋ―.ïŋ―ïŋ―r.mïŋ―`ïŋ―(Qïŋ―ïŋ―ïŋ―Mïŋ―ïŋ―.jāēķ?Xïŋ―.

[RECV api.bambulab.com:443] len=6 hex=310d0a03 | 1.
..

[RECV api.bambulab.com:443] len=5 hex=300d0a0d | 0.
.

[SEND api.bambulab.com:443] len=846 hex=47455420 | GET /v1/user-service/my/task/782421864 HTTP/1.1.
host: api.bambulab.com.
connection: keep-alive.
accept: application/json, text/plain, */*.
authorization: Bearer <TOKEN>
[RECV api.bambulab.com:443] len=987 hex=48545450 | HTTP/1.1 200 OK.
Date: Mon, 02 Mar 2026 06:09:25 GMT.
Content-Type: application/json; charset=utf-8.
Transfer-Encoding: chunked.
Connection: keep-alive.
Content-Encoding: br.
b3: e64d9c23d897286d5fd8a
[RECV api.bambulab.com:443] len=1139 hex=3436630d | 46c.
....ïŋ―25}}3ïŋ―ïŋ―$ïŋ―ïŋ―Tïŋ―ČĨGįĶY.../$ïŋ―! wM\Saïŋ―Cïŋ―Zïŋ―ÛĒ.p ïŋ―Íïŋ―ïŋ―e.ïŋ―ïŋ―)>ïŋ―.Ýl6.ïŋ―Mïŋ―-Yïŋ―5_.Eïŋ―.ïŋ―Uïŋ―ïŋ―?.ïŋ―ïŋ―N(ïŋ―ïŋ―Q.4lS>IÐģWâĄïŋ―.=.ïŋ―zïŋ―xïŋ―.ïŋ―dïŋ―kïŋ―9ïŋ―ïŋ―.ïŋ―ïŋ―h|ïŋ―ïŋ―ïŋ―ïŋ―ïŋ―$ïŋ―ïŋ―.eDÔïŋ―ïŋ―ïŋ―ïŋ―ïŋ―eïŋ―Fïŋ―:.ïŋ―ïŋ―ïŋ―.Kïŋ―ïŋ―ïŋ―2tïŋ―ïŋ―{Sïŋ―ïŋ―mkKïŋ―wïŋ―ïŋ―nïŋ―X.iïŋ―ïŋ―D6ïŋ―ZŌķïŋ―mïŋ―ïŋ―X.ïŋ―ïŋ―ïŋ―ïŋ―ïŋ―yOïŋ―mïŋ―.'ïŋ―Tf
[RECV api.bambulab.com:443] len=6 hex=310d0a03 | 1.
..

[RECV api.bambulab.com:443] len=5 hex=300d0a0d | 0.
.

[TLS] or-cloud-model-prod.s3.dualstack.us-west-2.amazonaws.com:443
[SEND or-cloud-model-prod.s3.dualstack.us-west-2.amazonaws.com:443] len=866 hex=47455420 | GET /private/USd26711a3caa5fe/640233889/3mf/Metadata/plate_1.png?X-Amz-Algorithm=AWS4-HMAC-SHA256&X-Amz-Credential=<AWS_KEY2>%2F20260302%2Fus-west-2%2Fs3%2Faws4_request&X-Amz-Date=20260302T0
[RECV or-cloud-model-prod.s3.dualstack.us-west-2.amazonaws.com:443] len=633 hex=48545450 | HTTP/1.1 200 OK.
x-amz-id-2: W1cZKr5lYTsFIL0O3Y4eDg3vfVsLk9SBKYf5r5+4ZV7KEfVgR4/m0Mn6gCrnqgVvwCFnnctI80NP2nlerpLECBxlyW/pB3CN.
x-amz-request-id: 6PXQNVQD774BK4F4.
Date: Mon, 02 Mar 2026 06:09:27 GMT.

[RECV or-cloud-model-prod.s3.dualstack.us-west-2.amazonaws.com:443] len=921 hex=89504e47 | ïŋ―PNG.
.
....IHDR.............ïŋ―.?1...`IDATxïŋ―ïŋ―ïŋ―Ajïŋ―@.ïŋ―ïŋ―\ïŋ―M.Qïŋ―ïŋ―	=ïŋ―ïŋ―-].Zïŋ―dïŋ―Nïŋ―ïŋ―ïŋ―-d.ïŋ―?L>ïŋ―ïŋ―tzïŋ―ïŋ―eïŋ―.0ïŋ―.H..i. M.ïŋ―	ïŋ―4.ïŋ―&.ïŋ―.@ïŋ―.H..i. M.ïŋ―	ïŋ―4.ïŋ―&.ïŋ―.@ïŋ―.H..i. M.ïŋ―	ïŋ―4.ïŋ―&.ïŋ―.@ïŋ―.H..i. M.ïŋ―	ïŋ―4.ïŋ―&.ïŋ―.@ïŋ―.H..i. M.ïŋ―	ïŋ―4.ïŋ―vW.ïŋ―ïŋ―.ïŋ―	ïŋ―
[TLS] api.bambulab.com:443
[SEND api.bambulab.com:443] len=897 hex=504f5354 | POST /v1/iot-service/api/user/project HTTP/1.1.
host: api.bambulab.com.
connection: keep-alive.
accept: application/json, text/plain, */*.
authorization: Bearer <TOKEN>
[SEND api.bambulab.com:443] len=118 hex=3132332c | 123,34,110,97,109,101,34,58,34,112,108,97,116,101,95,115,108,105,99,101,100,46,103,99,111,100,101,46,51,109,102,34,125
[RECV api.bambulab.com:443] len=1008 hex=48545450 | HTTP/1.1 200 OK.
Date: Mon, 02 Mar 2026 06:14:16 GMT.
Content-Type: application/json; charset=utf-8.
Transfer-Encoding: chunked.
Connection: keep-alive.
Content-Encoding: br.
b3: 5436b75e312932460e791
[RECV api.bambulab.com:443] len=398 hex=3138370d | 187.
...@6kïŋ―ïŋ―ïŋ―Qïŋ―eïŋ―ïŋ―ïŋ―.ïŋ―.ïŋ―ïŋ―ïŋ―Xïŋ―;^wF79ïŋ―ïŋ―ïŋ―..Iïŋ―.	ïŋ―..
ïŋ―ïŋ―-ïŋ―ïŋ―ïŋ―.n.Cïŋ―]6ïŋ―.ïŋ―ïŋ―0Ô°.	hZïŋ―ïŋ―..ïŋ―ïŋ―ïŋ―ïŋ―ïŋ―ïŋ―m.`)C..M.mïŋ―..ïŋ―ïŋ―ïŋ―ïŋ―yïŋ―ïŋ―A7dlM.ïŋ―{ïŋ―vïŋ―ïŋ―ïŋ―*ïŋ―ïŋ―ïŋ―90ïŋ―ïŋ―ïŋ―.Aïŋ―[wïŋ―>z...ïŋ―ïŋ―.!ïŋ―ïŋ―.+6ïŋ―ïŋ―Ũïŋ―v=d.ïŋ―Û hïŋ―.ïŋ―
	ïŋ―ïŋ―..ïŋ―ïŋ―.6u.y>ïŋ―Lïŋ―ïŋ―reNïŋ―Kïŋ―%ïŋ―ïŋ―4fïŋ―ïŋ―Xïŋ―ÍūEïŋ―.ïŋ―}ïŋ―ïŋ―Sïŋ―F
[RECV api.bambulab.com:443] len=5 hex=300d0a0d | 0.
.

[TLS] s3.us-west-2.amazonaws.com:443
[SEND s3.us-west-2.amazonaws.com:443] len=670 hex=50555420 | PUT /or-cloud-upload-prod/users/<USER_ID>/models/USc4b6e5303e6559/profiles/640237368/20260302141415.93.3mf?AWSAccessKeyId=<AWS_KEY>&Expires=1772518455&Signature=<SIGNATURE>
[SEND s3.us-west-2.amazonaws.com:443] len=49763 hex=38302c37 | 80,75,3,4,20,0,8,8,8,0,198,173,97,92,0,0,0,0,0,0,0,0,0,0,0,0,19,0,0,0,91,67,111,110,116,101,110,116,95,84,121,112,101,115,93,46,120,109,108,133,209,219,106,196,32,16,6,224,251,60,133,120,91,162,105,23
[RECV s3.us-west-2.amazonaws.com:443] len=558 hex=48545450 | HTTP/1.1 200 OK.
x-amz-id-2: w7fu1dskupwm0UIDnsPSDTdgR45Y4u8Y3ka6drYQtVvmE662EUHDYoYo3QB62Y90L8VpoOo1CRddTjRSqhOr+B11g3jISuDLDpqH0xuAXYE=.
x-amz-request-id: S4PHV4KEVACTBBSK.
Date: Mon, 02 Mar 2026 06
[SEND api.bambulab.com:443] len=902 hex=50555420 | PUT /v1/iot-service/api/user/notification HTTP/1.1.
host: api.bambulab.com.
connection: keep-alive.
accept: application/json, text/plain, */*.
authorization: Bearer <TOKEN>
[SEND api.bambulab.com:443] len=494 hex=3132332c | 123,34,97,99,116,105,111,110,34,58,34,117,112,108,111,97,100,34,44,34,117,112,108,111,97,100,34,58,123,34,116,105,99,107,101,116,34,58,34,117,112,108,111,97,100,101,114,95,49,57,51,57,52,49,53,50,55,5
[RECV api.bambulab.com:443] len=1017 hex=48545450 | HTTP/1.1 200 OK.
Date: Mon, 02 Mar 2026 06:14:17 GMT.
Content-Type: application/json; charset=utf-8.
Content-Length: 46.
Connection: keep-alive.
CF-RAY: 9d5e42a33c460299-CDG.
b3: fdac2ac89c0f1997d1ba2
[SEND api.bambulab.com:443] len=935 hex=47455420 | GET /v1/iot-service/api/user/notification?action=upload&ticket=uploader_<USER_ID>_USc4b6e5303e6559_640237368_20260302141415.93 HTTP/1.1.
host: api.bambulab.com.
connection: keep-alive.
accept: applic
[RECV api.bambulab.com:443] len=1017 hex=48545450 | HTTP/1.1 200 OK.
Date: Mon, 02 Mar 2026 06:14:17 GMT.
Content-Type: application/json; charset=utf-8.
Content-Length: 46.
Connection: keep-alive.
CF-RAY: 9d5e42a4acb80299-CDG.
b3: d0b5b7b38ee7fd7ba4f2c
[SEND api.bambulab.com:443] len=935 hex=47455420 | GET /v1/iot-service/api/user/notification?action=upload&ticket=uploader_<USER_ID>_USc4b6e5303e6559_640237368_20260302141415.93 HTTP/1.1.
host: api.bambulab.com.
connection: keep-alive.
accept: applic
[RECV api.bambulab.com:443] len=1017 hex=48545450 | HTTP/1.1 200 OK.
Date: Mon, 02 Mar 2026 06:14:18 GMT.
Content-Type: application/json; charset=utf-8.
Content-Length: 46.
Connection: keep-alive.
CF-RAY: 9d5e42ac3f980299-CDG.
b3: 82997632fcf528fc7f6ba
[SEND api.bambulab.com:443] len=883 hex=47455420 | GET /v1/iot-service/api/user/upload?models=USc4b6e5303e6559_640237368_1.3mf HTTP/1.1.
host: api.bambulab.com.
connection: keep-alive.
accept: application/json, text/plain, */*.
authorization: Bearer A
[RECV api.bambulab.com:443] len=1286 hex=48545450 | HTTP/1.1 200 OK.
Date: Mon, 02 Mar 2026 06:14:18 GMT.
Content-Type: application/json; charset=utf-8.
Transfer-Encoding: chunked.
Connection: keep-alive.
Content-Encoding: br.
b3: 7ada08b26bf44a30806d8
[RECV api.bambulab.com:443] len=5 hex=300d0a0d | 0.
.

[SEND s3.us-west-2.amazonaws.com:443] len=668 hex=50555420 | PUT /or-cloud-upload-prod/users/<USER_ID>/models/20260302141418.592/USc4b6e5303e6559_640237368_1.3mf?AWSAccessKeyId=<AWS_KEY>&Expires=1772518458&Signature=<SIGNATURE> 
[SEND s3.us-west-2.amazonaws.com:443] len=11631188 hex=38302c37 | 80,75,3,4,20,0,0,0,8,0,85,107,88,92,2,0,199,209,221,0,0,0,176,1,0,0,19,0,0,0,91,67,111,110,116,101,110,116,95,84,121,112,101,115,93,46,120,109,108,133,145,75,106,195,48,16,134,247,57,133,208,182,216,1
[RECV s3.us-west-2.amazonaws.com:443] len=558 hex=48545450 | HTTP/1.1 200 OK.
x-amz-id-2: dNZ1L1ItETUA/wqQEfqglYHUArPvkJYu1S4qHdohDjA3/PttpcrwLlkjXgvK/ar0ofpncQtBv22TmsgL+FBIlWLKkv08BxwmAn0vriElRv0=.
x-amz-request-id: REH9Q9V72NYEGPHQ.
Date: Mon, 02 Mar 2026 06
[SEND api.bambulab.com:443] len=909 hex=50415443 | PATCH /v1/iot-service/api/user/project/670418520 HTTP/1.1.
host: api.bambulab.com.
connection: keep-alive.
accept: application/json, text/plain, */*.
authorization: Bearer <TOKEN>
[SEND api.bambulab.com:443] len=1218 hex=3132332c | 123,34,112,114,111,102,105,108,101,95,105,100,34,58,34,54,52,48,50,51,55,51,54,56,34,44,34,112,114,111,102,105,108,101,95,112,114,105,110,116,95,51,109,102,34,58,91,123,34,99,111,109,109,101,110,116,1
[RECV api.bambulab.com:443] len=1017 hex=48545450 | HTTP/1.1 200 OK.
Date: Mon, 02 Mar 2026 06:14:20 GMT.
Content-Type: application/json; charset=utf-8.
Content-Length: 46.
Connection: keep-alive.
CF-RAY: 9d5e42baec6a0299-CDG.
b3: 105450d8ee8dbe7d30caf
[SEND api.bambulab.com:443] len=1385 hex=504f5354 | POST /v1/user-service/my/task HTTP/1.1.
host: api.bambulab.com.
connection: keep-alive.
accept: application/json, text/plain, */*.
authorization: Bearer <TOKEN>
[SEND api.bambulab.com:443] len=4093 hex=3132332c | 123,34,97,109,115,68,101,116,97,105,108,77,97,112,112,105,110,103,34,58,91,123,34,97,109,115,34,58,45,49,44,34,97,109,115,73,100,34,58,50,53,53,44,34,115,108,111,116,73,100,34,58,50,53,53,44,34,102,10
[RECV api.bambulab.com:443] len=973 hex=48545450 | HTTP/1.1 200 OK.
Date: Mon, 02 Mar 2026 06:14:21 GMT.
Content-Type: application/json; charset=utf-8.
Content-Length: 16.
Connection: keep-alive.
CF-RAY: 9d5e42bc6cf60299-CDG.
b3: 875e8101aad2abe9b7af3
[TLS] or-cloud-model-prod.s3.dualstack.us-west-2.amazonaws.com:443
[SEND api.bambulab.com:443] len=851 hex=47455420 | GET /v1/iot-service/api/user/task/782421864 HTTP/1.1.
host: api.bambulab.com.
connection: keep-alive.
accept: application/json, text/plain, */*.
authorization: Bearer <TOKEN>
[RECV api.bambulab.com:443] len=1001 hex=48545450 | HTTP/1.1 200 OK.
Date: Mon, 02 Mar 2026 06:14:21 GMT.
Content-Type: application/json; charset=utf-8.
Transfer-Encoding: chunked.
Connection: keep-alive.
Content-Encoding: br.
b3: 1d598463a4e00efa45d60
[RECV api.bambulab.com:443] len=1369 hex=3537640d | 57d.
.ïŋ―
.ïŋ―2gïŋ―ïŋ―^ïŋ―ïŋ―ïŋ―N.|ïŋ―.ïŋ―ËKïŋ―Zïŋ―vLeïŋ―Cïŋ―\ïŋ―ïŋ―3q2qïŋ―T.ïŋ―".ïŋ―bP@ïŋ―.ïŋ―Wïŋ―ïŋ―ïŋ―.	ïŋ― \m.ïŋ―ïŋ―3ïŋ―S.dkïŋ―.Lïŋ―pEpïŋ―ïŋ―!ïŋ―@.aïŋ―.nXïŋ―ïŋ―.ïŋ―ïŋ―qïŋ―?ïŋ―ïŋ―g.
8RA?Fïŋ―.ïŋ―ïŋ―ïŋ―Ï)Mïŋ―ïŋ―ïŋ―{ïŋ―.*ïŋ―ïŋ―.ïŋ―ïŋ―Sïŋ―rïŋ―ïŋ―.aïŋ―.cïŋ―ïŋ―ïŋ―ïŋ―ïŋ―.ïŋ―ïŋ―C.ïŋ―ïŋ―..Lïŋ―/ïŋ―,]..7ïŋ―0Fïŋ―ïŋ―>as.
ïŋ―ïŋ―áī<ïŋ―q.ïŋ―ïŋ―Ú=ïŋ―ïŋ―1ïŋ―.ïŋ―=Lïŋ―ïŋ―ïŋ―Aïŋ―^ïŋ―~
[RECV api.bambulab.com:443] len=43 hex=d6310a15 | ïŋ―1
.ïŋ―STïŋ―.%ïŋ―.ïŋ―ïŋ―ïŋ―ïŋ―Æïŋ―hïŋ―.ïŋ―Fïŋ―
ïŋ―ïŋ―mïŋ―_.ïŋ―..kïŋ―ïŋ―ïŋ―l..

[RECV api.bambulab.com:443] len=6 hex=310d0a03 | 1.
..

[RECV api.bambulab.com:443] len=5 hex=300d0a0d | 0.
.

[SEND api.bambulab.com:443] len=846 hex=47455420 | GET /v1/user-service/my/task/782421864 HTTP/1.1.
host: api.bambulab.com.
connection: keep-alive.
accept: application/json, text/plain, */*.
authorization: Bearer <TOKEN>
[SEND or-cloud-model-prod.s3.dualstack.us-west-2.amazonaws.com:443] len=866 hex=47455420 | GET /private/USd26711a3caa5fe/640233889/3mf/Metadata/plate_1.png?X-Amz-Algorithm=AWS4-HMAC-SHA256&X-Amz-Credential=<AWS_KEY2>%2F20260302%2Fus-west-2%2Fs3%2Faws4_request&X-Amz-Date=20260302T0
[RECV api.bambulab.com:443] len=987 hex=48545450 | HTTP/1.1 200 OK.
Date: Mon, 02 Mar 2026 06:14:21 GMT.
Content-Type: application/json; charset=utf-8.
Transfer-Encoding: chunked.
Connection: keep-alive.
Content-Encoding: br.
b3: aca21770996fb4cfe982a
[RECV api.bambulab.com:443] len=1143 hex=3437300d | 470.
....ïŋ―25}}3ïŋ―ïŋ―$ïŋ―ïŋ―*.ïŋ―ïŋ―ïŋ―ïŋ―4K`ïŋ―ïŋ―$8.äŪËïŋ―ïŋ―ïŋ―ïŋ―aoïŋ―5l,.ïŋ―,.ïŋ―ïŋ―lïŋ―ïŋ―ïŋ―]$ïŋ―Xïŋ―ïŋ―dY ïŋ―Mïŋ―-Yïŋ―5_.Eïŋ―.ïŋ―Uïŋ―ïŋ―?. X'ïŋ―ïŋ―ÎĻ..ïŋ―iïŋ―$.ïŋ―ïŋ―fh#A. :..ïŋ―Sb[.sm8G.>ïŋ―T.ïŋ―O..x{Lïŋ―Xïŋ―QFDïŋ―	:hZïŋ―_Fltïŋ―ïŋ―.)mÏą$ïŋ―ïŋ―)C..ïŋ―w..n[[jïŋ―ïŋ―Ęšïŋ―cïŋ―ïŋ―ïŋ―ïŋ―.ïŋ―,kIïŋ―*ïŋ―ïŋ―cm.ïŋ―ïŋ―^ïŋ―ïŋ―=Õķ.[ïŋ―ïŋ―Sïŋ―ïŋ―
[RECV api.bambulab.com:443] len=6 hex=310d0a03 | 1.
..

[RECV api.bambulab.com:443] len=5 hex=300d0a0d | 0.
.

[TLS] or-cloud-model-prod.s3.dualstack.us-west-2.amazonaws.com:443
[RECV or-cloud-model-prod.s3.dualstack.us-west-2.amazonaws.com:443] len=633 hex=48545450 | HTTP/1.1 200 OK.
x-amz-id-2: vdraG/77nXHrawpsNurmh60RZNmmZ8gKgDyYWdbtfaNOxUt83RSJEuHxe+AU1oxRc8yoIVtRJs+0mRxRQoBw7Pjf9f1y2N2R.
x-amz-request-id: H2WWYN556CZKNFKD.
Date: Mon, 02 Mar 2026 06:14:22 GMT.

[RECV or-cloud-model-prod.s3.dualstack.us-west-2.amazonaws.com:443] len=921 hex=89504e47 | ïŋ―PNG.
.
....IHDR.............ïŋ―.?1...`IDATxïŋ―ïŋ―ïŋ―Ajïŋ―@.ïŋ―ïŋ―\ïŋ―M.Qïŋ―ïŋ―	=ïŋ―ïŋ―-].Zïŋ―dïŋ―Nïŋ―ïŋ―ïŋ―-d.ïŋ―?L>ïŋ―ïŋ―tzïŋ―ïŋ―eïŋ―.0ïŋ―.H..i. M.ïŋ―	ïŋ―4.ïŋ―&.ïŋ―.@ïŋ―.H..i. M.ïŋ―	ïŋ―4.ïŋ―&.ïŋ―.@ïŋ―.H..i. M.ïŋ―	ïŋ―4.ïŋ―&.ïŋ―.@ïŋ―.H..i. M.ïŋ―	ïŋ―4.ïŋ―&.ïŋ―.@ïŋ―.H..i. M.ïŋ―	ïŋ―4.ïŋ―vW.ïŋ―ïŋ―.ïŋ―	ïŋ―
[SEND or-cloud-model-prod.s3.dualstack.us-west-2.amazonaws.com:443] len=866 hex=47455420 | GET /private/USd26711a3caa5fe/640233889/3mf/Metadata/plate_1.png?X-Amz-Algorithm=AWS4-HMAC-SHA256&X-Amz-Credential=<AWS_KEY2>%2F20260302%2Fus-west-2%2Fs3%2Faws4_request&X-Amz-Date=20260302T0
[RECV or-cloud-model-prod.s3.dualstack.us-west-2.amazonaws.com:443] len=633 hex=48545450 | HTTP/1.1 200 OK.
x-amz-id-2: 2O40pPDDESSNj+R9YJxsybC1DbS9MeU+7qzDli4mvRVAJG6URAOoWRi2lkdv6eLkhrNhVjwc74E8vf7Y4KSvmZRs9BjM/qv8.
x-amz-request-id: H2WXWZNZ43SYX49X.
Date: Mon, 02 Mar 2026 06:14:22 GMT.

[RECV or-cloud-model-prod.s3.dualstack.us-west-2.amazonaws.com:443] len=921 hex=89504e47 | ïŋ―PNG.
.
....IHDR.............ïŋ―.?1...`IDATxïŋ―ïŋ―ïŋ―Ajïŋ―@.ïŋ―ïŋ―\ïŋ―M.Qïŋ―ïŋ―	=ïŋ―ïŋ―-].Zïŋ―dïŋ―Nïŋ―ïŋ―ïŋ―-d.ïŋ―?L>ïŋ―ïŋ―tzïŋ―ïŋ―eïŋ―.0ïŋ―.H..i. M.ïŋ―	ïŋ―4.ïŋ―&.ïŋ―.@ïŋ―.H..i. M.ïŋ―	ïŋ―4.ïŋ―&.ïŋ―.@ïŋ―.H..i. M.ïŋ―	ïŋ―4.ïŋ―&.ïŋ―.@ïŋ―.H..i. M.ïŋ―	ïŋ―4.ïŋ―&.ïŋ―.@ïŋ―.H..i. M.ïŋ―	ïŋ―4.ïŋ―vW.ïŋ―ïŋ―.ïŋ―	ïŋ―
[TLS] api.bambulab.com:443
[SEND api.bambulab.com:443] len=851 hex=47455420 | GET /v1/iot-service/api/user/task/782426518 HTTP/1.1.
host: api.bambulab.com.
connection: keep-alive.
accept: application/json, text/plain, */*.
authorization: Bearer <TOKEN>
[RECV api.bambulab.com:443] len=1001 hex=48545450 | HTTP/1.1 200 OK.
Date: Mon, 02 Mar 2026 06:14:26 GMT.
Content-Type: application/json; charset=utf-8.
Transfer-Encoding: chunked.
Connection: keep-alive.
Content-Encoding: br.
b3: 33def5f39e3ceb56c56f7
[RECV api.bambulab.com:443] len=1369 hex=3537360d | 576.
.ïŋ―
.ïŋ―2gïŋ―ïŋ―^ïŋ―ïŋ―ïŋ―NÄuïŋ―.ïŋ―ËKïŋ―Jïŋ―c*K.Jïŋ―jMïŋ―ïŋ―ïŋ―ïŋ―Kïŋ―Z...Î.ïŋ―.Bïŋ―8ïŋ―Jïŋ―Gïŋ―ïŋ―~.ïŋ―6ïŋ―kïŋ―.ïŋ―).ïŋ―ïŋ―ïŋ―	&jïŋ―".ČŦïŋ―ïŋ―3Tā§`Æĩïŋ―+ïŋ―eïŋ―ïŋ―ïŋ―ïŋ―ïŋ―vïŋ―ïŋ―ïŋ―!..Sïŋ―ïŋ―K..|ïŋ―ïŋ―S(9áĻĪlïŋ―ïŋ―i.P.>51ïŋ―ïŋ―NJ.ïŋ―.ïŋ―4Tïŋ―ïŋ―-k...*.ïŋ―``ïŋ―mïŋ―.ïŋ―ïŋ―cïŋ―.ïŋ―.p.ïŋ―ïŋ―m,.Vïŋ―ïŋ―.ïŋ―.ïŋ―=ïŋ―ïŋ―^kwïŋ―`ïŋ―ïŋ―ïŋ―{ïŋ―ïŋ―0/ïŋ―O.ïŋ―{.ïŋ―ïŋ―ïŋ―ïŋ―
[RECV api.bambulab.com:443] len=36 hex=8c4205eb | ïŋ―B.ïŋ―.ïŋ―ïŋ―ïŋ―ïŋ―\|9Kïŋ―ïŋ―`JR]A^]Wlïŋ―ïŋ―.ïŋ―Wïŋ―ïŋ―ïŋ―l..

[RECV api.bambulab.com:443] len=6 hex=310d0a03 | 1.
..

[RECV api.bambulab.com:443] len=5 hex=300d0a0d | 0.
.

[SEND api.bambulab.com:443] len=846 hex=47455420 | GET /v1/user-service/my/task/782426518 HTTP/1.1.
host: api.bambulab.com.
connection: keep-alive.
accept: application/json, text/plain, */*.
authorization: Bearer <TOKEN>
[RECV api.bambulab.com:443] len=994 hex=48545450 | HTTP/1.1 200 OK.
Date: Mon, 02 Mar 2026 06:14:26 GMT.
Content-Type: application/json; charset=utf-8.
Transfer-Encoding: chunked.
Connection: keep-alive.
Content-Encoding: br.
b3: a6b97cd86eeb108986579
[RECV api.bambulab.com:443] len=1140 hex=3436640d | 46d.
Pp.@ïŋ―ïŋ―ïŋ―ïŋ―ïŋ―ïŋ―ïŋ―|ïŋ―6]ïŋ―Uïŋ―x[qrïŋ―y(.ïŋ―ïŋ―$4.'ïŋ―<q9ïŋ―ïŋ―Cïŋ―Õīïŋ―ïŋ―.6..Rïŋ―ïŋ―cïŋ―^6ïŋ―y<ïŋ―Óą@ïŋ―Éē@0ïŋ―&[bïŋ―5_.Eïŋ―.ïŋ―X+.ïŋ―.ïŋ―ïŋ―ïŋ―	ïŋ―$ïŋ―.4lS>ïŋ―`ïŋ―;ïŋ―Mn.ïŋ―. Z/.ïŋ―bdïŋ―ïŋ―67..ïŋ―ïŋ―X".ïŋ―#Xïŋ―ïŋ―.ïŋ―.JN8*).tÐīv>.ïŋ―ïŋ―.9`\.Cïŋ―ïŋ―ïŋ―cïŋ―..to
,Üĩ6Wïŋ―Ųe.ïŋ―rïŋ―+ïŋ―'ïŋ―ïŋ―ïŋ―.Ũïŋ―ïŋ―ïŋ―.ïŋ―ïŋ―ïŋ―ïŋ―ïŋ―TWïŋ―XÛïŋ―ïŋ―ïŋ―>
[RECV api.bambulab.com:443] len=6 hex=310d0a03 | 1.
..

[RECV api.bambulab.com:443] len=5 hex=300d0a0d | 0.
.

[TLS] or-cloud-model-prod.s3.dualstack.us-west-2.amazonaws.com:443
[SEND or-cloud-model-prod.s3.dualstack.us-west-2.amazonaws.com:443] len=866 hex=47455420 | GET /private/USc4b6e5303e6559/640237368/3mf/Metadata/plate_1.png?X-Amz-Algorithm=AWS4-HMAC-SHA256&X-Amz-Credential=<AWS_KEY2>%2F20260302%2Fus-west-2%2Fs3%2Faws4_request&X-Amz-Date=20260302T0
[RECV or-cloud-model-prod.s3.dualstack.us-west-2.amazonaws.com:443] len=633 hex=48545450 | HTTP/1.1 200 OK.
x-amz-id-2: yOgA1w4lXJv8dFffdVZX35WS5LCGfWKw24pZGU2FOIdFk8vKNy/rCqNfWHIoQmm9banXippWiEGewY8dYUaWU0UoSxqlkF2e.
x-amz-request-id: ZPR8GKC0BDVDD28G.
Date: Mon, 02 Mar 2026 06:14:27 GMT.

[RECV or-cloud-model-prod.s3.dualstack.us-west-2.amazonaws.com:443] len=921 hex=89504e47 | ïŋ―PNG.
.
....IHDR.............ïŋ―.?1...`IDATxïŋ―ïŋ―ïŋ―Ajïŋ―@.ïŋ―ïŋ―\ïŋ―M.Qïŋ―ïŋ―	=ïŋ―ïŋ―-].Zïŋ―dïŋ―Nïŋ―ïŋ―ïŋ―-d.ïŋ―?L>ïŋ―ïŋ―tzïŋ―ïŋ―eïŋ―.0ïŋ―.H..i. M.ïŋ―	ïŋ―4.ïŋ―&.ïŋ―.@ïŋ―.H..i. M.ïŋ―	ïŋ―4.ïŋ―&.ïŋ―.@ïŋ―.H..i. M.ïŋ―	ïŋ―4.ïŋ―&.ïŋ―.@ïŋ―.H..i. M.ïŋ―	ïŋ―4.ïŋ―&.ïŋ―.@ïŋ―.H..i. M.ïŋ―	ïŋ―4.ïŋ―vW.ïŋ―ïŋ―.ïŋ―	ïŋ―
