[HOOK2] installed 2026-03-02T08:53:53.321Z
[HOOK2] tls.connect patched
[TLS] api.bambulab.com:443

[SEND api.bambulab.com:443] 897 bytes
POST /v1/iot-service/api/user/project HTTP/1.1
host: api.bambulab.com
connection: keep-alive
accept: application/json, text/plain, */*
authorization: Bearer <TOKEN>
content-type: application/json
sec-ch-ua: "Not?A_Brand";v="99", "Chromium";v="130"
sec-ch-ua-mobile: ?0
sec-ch-ua-platform: "macOS"
user-agent: Mozilla/5.0 (Macintosh; Intel Mac OS X 10_15_7) AppleWebKit/537.36 (KHTML, like Gecko) BambuConnect/2.2.1-beta.2 Chrome/130.0.6723.137 Electron/33.2.1 Safari/537.36
x-bbl-client-name: BambuConnect
x-bbl-client-type: connect
x-bbl-client-version: v2.2.1-beta.2
x-bbl-device-id: <DEVICE_UUID>
x-bbl-language: en-GB
accept-language: *
sec-fetch-mode: cors
accept-encoding: br, gzip, deflate
content-length: 33



[RECV api.bambulab.com:443] 1001 bytes
HTTP/1.1 200 OK
Date: Mon, 02 Mar 2026 08:54:09 GMT
Content-Type: application/json; charset=utf-8
Transfer-Encoding: chunked
Connection: keep-alive
Content-Encoding: br
b3: aabc90d7e4582b23ba5d1290c5c7aa3c-3091fa43fe3e7797-1
traceparent: 00-aabc90d7e4582b23ba5d1290c5c7aa3c-3091fa43fe3e7797-01
x-bbl-be: go
x-request-id: 74455ba2-198a-4617-9894-502a2d8d4932
cf-cache-status: DYNAMIC
Set-Cookie: __cf_bm=xGCISUoTU0uU3PF_zgj_0xJQLePtcN4VkVWlC1_7RLE-1772441649-1.0.1.1-m05efzzhZoW5HBBtHMD.WyyR2hT9FG.M0iPOaZS0FIrQ.6t4dDD8Tz4yr0cyoTQ77KfBzf7Rbezg3mSs66WENQtDf3fTAnBnZakCCBjVB9U; path=/; expires=Mon, 02-Mar-26 09:24:09 GMT; domain=.bambulab.com; HttpOnly; Secure; SameSite=None
Strict-Transport-Security: max-age=15552000; includeSubDomains; preload
expect-ct: max-age=86400, enforce
referrer-policy: same-origin
x-content-type-options: nosniff
x-frame-options: SAMEORIGIN
x-xss-protection: 1; mode=block
Server: cloudflare
CF-RAY: 9d5f2cd52f12c761-LHR
alt-svc: h3=":443"; ma=86400
[TLS] s3.us-west-2.amazonaws.com:443

[SEND s3.us-west-2.amazonaws.com:443] binary 670 bytes (first 8: 505554202f6f722d)

[SEND api.bambulab.com:443] 935 bytes
{"name":"plate_sliced.gcode.3mf"}PUT /v1/iot-service/api/user/notification HTTP/1.1
host: api.bambulab.com
connection: keep-alive
accept: application/json, text/plain, */*
authorization: Bearer <TOKEN>
content-type: application/json
sec-ch-ua: "Not?A_Brand";v="99", "Chromium";v="130"
sec-ch-ua-mobile: ?0
sec-ch-ua-platform: "macOS"
user-agent: Mozilla/5.0 (Macintosh; Intel Mac OS X 10_15_7) AppleWebKit/537.36 (KHTML, like Gecko) BambuConnect/2.2.1-beta.2 Chrome/130.0.6723.137 Electron/33.2.1 Safari/537.36
x-bbl-client-name: BambuConnect
x-bbl-client-type: connect
x-bbl-client-version: v2.2.1-beta.2
x-bbl-device-id: <DEVICE_UUID>
x-bbl-language: en-GB
accept-language: *
sec-fetch-mode: cors
accept-encoding: br, gzip, deflate
content-length: 146



[SEND api.bambulab.com:443] 1081 bytes
{"action":"upload","upload":{"ticket":"uploader_<USER_ID>_US818c77e1d5790a_640360051_20260302165409.56","origin_file_name":"connect_config.3mf"}}GET /v1/iot-service/api/user/notification?action=upload&ticket=uploader_<USER_ID>_US818c77e1d5790a_640360051_20260302165409.56 HTTP/1.1
host: api.bambulab.com
connection: keep-alive
accept: application/json, text/plain, */*
authorization: Bearer <TOKEN>
sec-ch-ua: "Not?A_Brand";v="99", "Chromium";v="130"
sec-ch-ua-mobile: ?0
sec-ch-ua-platform: "macOS"
user-agent: Mozilla/5.0 (Macintosh; Intel Mac OS X 10_15_7) AppleWebKit/537.36 (KHTML, like Gecko) BambuConnect/2.2.1-beta.2 Chrome/130.0.6723.137 Electron/33.2.1 Safari/537.36
x-bbl-client-name: BambuConnect
x-bbl-client-type: connect
x-bbl-client-version: v2.2.1-beta.2
x-bbl-device-id: <DEVICE_UUID>
x-bbl-language: en-GB
accept-language: *
sec-fetch-mode: cors
accept-encoding: br, gzip, deflate



[SEND api.bambulab.com:443] 935 bytes
GET /v1/iot-service/api/user/notification?action=upload&ticket=uploader_<USER_ID>_US818c77e1d5790a_640360051_20260302165409.56 HTTP/1.1
host: api.bambulab.com
connection: keep-alive
accept: application/json, text/plain, */*
authorization: Bearer <TOKEN>
sec-ch-ua: "Not?A_Brand";v="99", "Chromium";v="130"
sec-ch-ua-mobile: ?0
sec-ch-ua-platform: "macOS"
user-agent: Mozilla/5.0 (Macintosh; Intel Mac OS X 10_15_7) AppleWebKit/537.36 (KHTML, like Gecko) BambuConnect/2.2.1-beta.2 Chrome/130.0.6723.137 Electron/33.2.1 Safari/537.36
x-bbl-client-name: BambuConnect
x-bbl-client-type: connect
x-bbl-client-version: v2.2.1-beta.2
x-bbl-device-id: <DEVICE_UUID>
x-bbl-language: en-GB
accept-language: *
sec-fetch-mode: cors
accept-encoding: br, gzip, deflate



[SEND api.bambulab.com:443] 883 bytes
GET /v1/iot-service/api/user/upload?models=US818c77e1d5790a_640360051_1.3mf HTTP/1.1
host: api.bambulab.com
connection: keep-alive
accept: application/json, text/plain, */*
authorization: Bearer <TOKEN>
sec-ch-ua: "Not?A_Brand";v="99", "Chromium";v="130"
sec-ch-ua-mobile: ?0
sec-ch-ua-platform: "macOS"
user-agent: Mozilla/5.0 (Macintosh; Intel Mac OS X 10_15_7) AppleWebKit/537.36 (KHTML, like Gecko) BambuConnect/2.2.1-beta.2 Chrome/130.0.6723.137 Electron/33.2.1 Safari/537.36
x-bbl-client-name: BambuConnect
x-bbl-client-type: connect
x-bbl-client-version: v2.2.1-beta.2
x-bbl-device-id: <DEVICE_UUID>
x-bbl-language: en-GB
accept-language: *
sec-fetch-mode: cors
accept-encoding: br, gzip, deflate



[SEND s3.us-west-2.amazonaws.com:443] binary 3270425 bytes (first 8: 504b030414000808)

[SEND api.bambulab.com:443] 909 bytes
PATCH /v1/iot-service/api/user/project/670540949 HTTP/1.1
host: api.bambulab.com
connection: keep-alive
accept: application/json, text/plain, */*
authorization: Bearer <TOKEN>
content-type: application/json
sec-ch-ua: "Not?A_Brand";v="99", "Chromium";v="130"
sec-ch-ua-mobile: ?0
sec-ch-ua-platform: "macOS"
user-agent: Mozilla/5.0 (Macintosh; Intel Mac OS X 10_15_7) AppleWebKit/537.36 (KHTML, like Gecko) BambuConnect/2.2.1-beta.2 Chrome/130.0.6723.137 Electron/33.2.1 Safari/537.36
x-bbl-client-name: BambuConnect
x-bbl-client-type: connect
x-bbl-client-version: v2.2.1-beta.2
x-bbl-device-id: <DEVICE_UUID>
x-bbl-language: en-GB
accept-language: *
sec-fetch-mode: cors
accept-encoding: br, gzip, deflate
content-length: 361



[SEND api.bambulab.com:443] 1746 bytes
{"profile_id":"640360051","profile_print_3mf":[{"comments":"no_ips","md5":"23FFD9126D670731A8C091C69FDF4070","plate_idx":1,"url":"https://s3.us-west-2.amazonaws.com/or-cloud-upload-prod/users/<USER_ID>/models/20260302165412.511/US818c77e1d5790a_640360051_1.3mf?AWSAccessKeyId=<AWS_KEY>&Expires=1772528052&Signature=<SIGNATURE>"}]}POST /v1/user-service/my/task HTTP/1.1
host: api.bambulab.com
connection: keep-alive
accept: application/json, text/plain, */*
authorization: Bearer <TOKEN>
content-type: application/json
sec-ch-ua: "Not?A_Brand";v="99", "Chromium";v="130"
sec-ch-ua-mobile: ?0
sec-ch-ua-platform: "macOS"
user-agent: Mozilla/5.0 (Macintosh; Intel Mac OS X 10_15_7) AppleWebKit/537.36 (KHTML, like Gecko) BambuConnect/2.2.1-beta.2 Chrome/130.0.6723.137 Electron/33.2.1 Safari/537.36
x-bbl-app-certification-id: <CERT_ID>
x-bbl-client-name: BambuConnect
x-bbl-client-type: connect
x-bbl-client-version: v2.2.1-beta.2
x-bbl-device-id: <DEVICE_UUID>
x-bbl-device-security-sign: <DEVICE_SIGN>
x-bbl-language: en-GB
x-connect-api-acton: sign
accept-language: *
sec-fetch-mode: cors
accept-encoding: br, gzip, deflate
content-length: 1182


[TLS] or-cloud-model-prod.s3.dualstack.us-west-2.amazonaws.com:443

[SEND api.bambulab.com:443] 2033 bytes
{"amsDetailMapping":[{"ams":-1,"amsId":255,"slotId":255,"filamentId":"","filamentType":"","targetColor":""},{"ams":-1,"amsId":255,"slotId":255,"filamentId":"","filamentType":"","targetColor":""},{"ams":2,"amsId":0,"slotId":2,"nozzleId":0,"sourceColor":"F2754EFF","targetColor":"2850E0FF","filamentType":"PETG-CF","targetFilamentType":"PETG-CF"},{"ams":-1,"amsId":255,"slotId":255,"filamentId":"","filamentType":"","targetColor":""},{"ams":-1,"amsId":255,"slotId":255,"filamentId":"","filamentType":"","targetColor":""}],"amsMapping":[-1,-1,2,-1,-1],"amsMapping2":[{"amsId":255,"slotId":255},{"amsId":255,"slotId":255},{"amsId":0,"slotId":2},{"amsId":255,"slotId":255},{"amsId":255,"slotId":255}],"bedType":"textured_plate","cover":"","deviceId":"<DEVICE_ID>","filamentSettingIds":["","","GFSG50","",""],"isPublicProfile":false,"jobType":1,"layerInspect":true,"mode":"cloud_file","modelId":"US818c77e1d5790a","plateIndex":1,"profileId":640360051,"title":"plate_sliced.gcode.3mf","useAms":true,"timelapse":false,"bedLeveling":true,"flowCali":false,"extrudeCaliManualMode":1,"autoBedLeveling":2,"extrudeCaliFlag":2,"nozzleOffsetCali":2,"nozzleInfos":[],"primeVolumeMode":"Default"}GET /v1/iot-service/api/user/task/782572247 HTTP/1.1
host: api.bambulab.com
connection: keep-alive
accept: application/json, text/plain, */*
authorization: Bearer <TOKEN>
sec-ch-ua: "Not?A_Brand";v="99", "Chromium";v="130"
sec-ch-ua-mobile: ?0
sec-ch-ua-platform: "macOS"
user-agent: Mozilla/5.0 (Macintosh; Intel Mac OS X 10_15_7) AppleWebKit/537.36 (KHTML, like Gecko) BambuConnect/2.2.1-beta.2 Chrome/130.0.6723.137 Electron/33.2.1 Safari/537.36
x-bbl-client-name: BambuConnect
x-bbl-client-type: connect
x-bbl-client-version: v2.2.1-beta.2
x-bbl-device-id: <DEVICE_UUID>
x-bbl-language: en-GB
accept-language: *
sec-fetch-mode: cors
accept-encoding: br, gzip, deflate



[SEND api.bambulab.com:443] 846 bytes
GET /v1/user-service/my/task/782572247 HTTP/1.1
host: api.bambulab.com
connection: keep-alive
accept: application/json, text/plain, */*
authorization: Bearer <TOKEN>
sec-ch-ua: "Not?A_Brand";v="99", "Chromium";v="130"
sec-ch-ua-mobile: ?0
sec-ch-ua-platform: "macOS"
user-agent: Mozilla/5.0 (Macintosh; Intel Mac OS X 10_15_7) AppleWebKit/537.36 (KHTML, like Gecko) BambuConnect/2.2.1-beta.2 Chrome/130.0.6723.137 Electron/33.2.1 Safari/537.36
x-bbl-client-name: BambuConnect
x-bbl-client-type: connect
x-bbl-client-version: v2.2.1-beta.2
x-bbl-device-id: <DEVICE_UUID>
x-bbl-language: en-GB
accept-language: *
sec-fetch-mode: cors
accept-encoding: br, gzip, deflate



[SEND or-cloud-model-prod.s3.dualstack.us-west-2.amazonaws.com:443] binary 866 bytes (first 8: 474554202f707269)
[TLS] or-cloud-model-prod.s3.dualstack.us-west-2.amazonaws.com:443

[SEND or-cloud-model-prod.s3.dualstack.us-west-2.amazonaws.com:443] binary 866 bytes (first 8: 474554202f707269)

[SEND api.bambulab.com:443] 851 bytes
GET /v1/iot-service/api/user/task/782584442 HTTP/1.1
host: api.bambulab.com
connection: keep-alive
accept: application/json, text/plain, */*
authorization: Bearer <TOKEN>
sec-ch-ua: "Not?A_Brand";v="99", "Chromium";v="130"
sec-ch-ua-mobile: ?0
sec-ch-ua-platform: "macOS"
user-agent: Mozilla/5.0 (Macintosh; Intel Mac OS X 10_15_7) AppleWebKit/537.36 (KHTML, like Gecko) BambuConnect/2.2.1-beta.2 Chrome/130.0.6723.137 Electron/33.2.1 Safari/537.36
x-bbl-client-name: BambuConnect
x-bbl-client-type: connect
x-bbl-client-version: v2.2.1-beta.2
x-bbl-device-id: <DEVICE_UUID>
x-bbl-language: en-GB
accept-language: *
sec-fetch-mode: cors
accept-encoding: br, gzip, deflate



[SEND api.bambulab.com:443] 846 bytes
GET /v1/user-service/my/task/782584442 HTTP/1.1
host: api.bambulab.com
connection: keep-alive
accept: application/json, text/plain, */*
authorization: Bearer <TOKEN>
sec-ch-ua: "Not?A_Brand";v="99", "Chromium";v="130"
sec-ch-ua-mobile: ?0
sec-ch-ua-platform: "macOS"
user-agent: Mozilla/5.0 (Macintosh; Intel Mac OS X 10_15_7) AppleWebKit/537.36 (KHTML, like Gecko) BambuConnect/2.2.1-beta.2 Chrome/130.0.6723.137 Electron/33.2.1 Safari/537.36
x-bbl-client-name: BambuConnect
x-bbl-client-type: connect
x-bbl-client-version: v2.2.1-beta.2
x-bbl-device-id: <DEVICE_UUID>
x-bbl-language: en-GB
accept-language: *
sec-fetch-mode: cors
accept-encoding: br, gzip, deflate


[TLS] or-cloud-model-prod.s3.dualstack.us-west-2.amazonaws.com:443

[SEND or-cloud-model-prod.s3.dualstack.us-west-2.amazonaws.com:443] binary 866 bytes (first 8: 474554202f707269)
